2025-02-09T12:17:04.689+0100 [DEBUG] [org.gradle.launcher.daemon.bootstrap.DaemonMain] Assuming the daemon was started with following jvm opts: [--add-opens=java.base/java.util=ALL-UNNAMED, --add-opens=java.base/java.lang=ALL-UNNAMED, --add-opens=java.base/java.lang.invoke=ALL-UNNAMED, --add-opens=java.prefs/java.util.prefs=ALL-UNNAMED, --add-exports=jdk.compiler/com.sun.tools.javac.api=ALL-UNNAMED, --add-exports=jdk.compiler/com.sun.tools.javac.util=ALL-UNNAMED, --add-opens=java.base/java.nio.charset=ALL-UNNAMED, --add-opens=java.base/java.net=ALL-UNNAMED, --add-opens=java.base/java.util.concurrent.atomic=ALL-UNNAMED, -Xmx2048M, -Dfile.encoding=UTF-8, -Duser.country=FR, -Duser.language=fr, -Duser.variant]
2025-02-09T12:17:05.014+0100 [INFO] [org.gradle.launcher.daemon.server.Daemon] start() called on daemon - DefaultDaemonContext[uid=f6dfbd1b-26ae-46c3-a4af-68730a41c0d0,javaHome=/Users/theo/Library/Java/JavaVirtualMachines/corretto-21.0.6/Contents/Home,javaVersion=21,daemonRegistryDir=/Users/theo/Documents/GitHub/td3-stringat/PizzaApp/gradle/wrapper/daemon,pid=45200,idleTimeout=10800000,priority=NORMAL,applyInstrumentationAgent=true,nativeServicesMode=ENABLED,daemonOpts=--add-opens=java.base/java.util=ALL-UNNAMED,--add-opens=java.base/java.lang=ALL-UNNAMED,--add-opens=java.base/java.lang.invoke=ALL-UNNAMED,--add-opens=java.prefs/java.util.prefs=ALL-UNNAMED,--add-exports=jdk.compiler/com.sun.tools.javac.api=ALL-UNNAMED,--add-exports=jdk.compiler/com.sun.tools.javac.util=ALL-UNNAMED,--add-opens=java.base/java.nio.charset=ALL-UNNAMED,--add-opens=java.base/java.net=ALL-UNNAMED,--add-opens=java.base/java.util.concurrent.atomic=ALL-UNNAMED,-Xmx2048M,-Dfile.encoding=UTF-8,-Duser.country=FR,-Duser.language=fr,-Duser.variant]
2025-02-09T12:17:05.104+0100 [DEBUG] [org.gradle.internal.remote.internal.inet.InetAddresses] Adding IP addresses for network interface utun3
2025-02-09T12:17:05.107+0100 [DEBUG] [org.gradle.internal.remote.internal.inet.InetAddresses] Is this a loopback interface? false
2025-02-09T12:17:05.108+0100 [DEBUG] [org.gradle.internal.remote.internal.inet.InetAddresses] Adding remote address /fe80:0:0:0:ce81:b1c:bd2c:69e%utun3
2025-02-09T12:17:05.109+0100 [DEBUG] [org.gradle.internal.remote.internal.inet.InetAddresses] Adding IP addresses for network interface utun2
2025-02-09T12:17:05.110+0100 [DEBUG] [org.gradle.internal.remote.internal.inet.InetAddresses] Is this a loopback interface? false
2025-02-09T12:17:05.110+0100 [DEBUG] [org.gradle.internal.remote.internal.inet.InetAddresses] Adding remote address /fe80:0:0:0:1a36:3808:7a9c:55a1%utun2
2025-02-09T12:17:05.110+0100 [DEBUG] [org.gradle.internal.remote.internal.inet.InetAddresses] Adding IP addresses for network interface utun1
2025-02-09T12:17:05.110+0100 [DEBUG] [org.gradle.internal.remote.internal.inet.InetAddresses] Is this a loopback interface? false
2025-02-09T12:17:05.111+0100 [DEBUG] [org.gradle.internal.remote.internal.inet.InetAddresses] Adding remote address /fe80:0:0:0:60e6:a2b:b45c:a3d2%utun1
2025-02-09T12:17:05.111+0100 [DEBUG] [org.gradle.internal.remote.internal.inet.InetAddresses] Adding IP addresses for network interface utun0
2025-02-09T12:17:05.111+0100 [DEBUG] [org.gradle.internal.remote.internal.inet.InetAddresses] Is this a loopback interface? false
2025-02-09T12:17:05.111+0100 [DEBUG] [org.gradle.internal.remote.internal.inet.InetAddresses] Adding remote address /fe80:0:0:0:42ab:a420:2b50:d139%utun0
2025-02-09T12:17:05.112+0100 [DEBUG] [org.gradle.internal.remote.internal.inet.InetAddresses] Adding IP addresses for network interface llw0
2025-02-09T12:17:05.112+0100 [DEBUG] [org.gradle.internal.remote.internal.inet.InetAddresses] Is this a loopback interface? false
2025-02-09T12:17:05.112+0100 [DEBUG] [org.gradle.internal.remote.internal.inet.InetAddresses] Adding remote address /fe80:0:0:0:6051:1dff:febd:fd21%llw0
2025-02-09T12:17:05.113+0100 [DEBUG] [org.gradle.internal.remote.internal.inet.InetAddresses] Adding IP addresses for network interface awdl0
2025-02-09T12:17:05.113+0100 [DEBUG] [org.gradle.internal.remote.internal.inet.InetAddresses] Is this a loopback interface? false
2025-02-09T12:17:05.113+0100 [DEBUG] [org.gradle.internal.remote.internal.inet.InetAddresses] Adding remote address /fe80:0:0:0:6051:1dff:febd:fd21%awdl0
2025-02-09T12:17:05.113+0100 [DEBUG] [org.gradle.internal.remote.internal.inet.InetAddresses] Adding IP addresses for network interface en0
2025-02-09T12:17:05.114+0100 [DEBUG] [org.gradle.internal.remote.internal.inet.InetAddresses] Is this a loopback interface? false
2025-02-09T12:17:05.114+0100 [DEBUG] [org.gradle.internal.remote.internal.inet.InetAddresses] Adding remote address /2a04:cec0:11ba:59f8:5c05:fdf6:7255:2026%en0
2025-02-09T12:17:05.115+0100 [DEBUG] [org.gradle.internal.remote.internal.inet.InetAddresses] Adding remote address /2a04:cec0:11ba:59f8:4e:e90e:c6e1:6350%en0
2025-02-09T12:17:05.115+0100 [DEBUG] [org.gradle.internal.remote.internal.inet.InetAddresses] Adding remote address /fe80:0:0:0:83f:1cbb:5e7:b83b%en0
2025-02-09T12:17:05.116+0100 [DEBUG] [org.gradle.internal.remote.internal.inet.InetAddresses] Adding remote address /192.168.83.120
2025-02-09T12:17:05.117+0100 [DEBUG] [org.gradle.internal.remote.internal.inet.InetAddresses] Adding IP addresses for network interface lo0
2025-02-09T12:17:05.117+0100 [DEBUG] [org.gradle.internal.remote.internal.inet.InetAddresses] Is this a loopback interface? true
2025-02-09T12:17:05.118+0100 [DEBUG] [org.gradle.internal.remote.internal.inet.InetAddresses] Ignoring remote address on loopback interface /fe80:0:0:0:0:0:0:1%lo0
2025-02-09T12:17:05.118+0100 [DEBUG] [org.gradle.internal.remote.internal.inet.InetAddresses] Adding loopback address /0:0:0:0:0:0:0:1%lo0
2025-02-09T12:17:05.120+0100 [DEBUG] [org.gradle.internal.remote.internal.inet.InetAddresses] Adding loopback address /127.0.0.1
2025-02-09T12:17:05.127+0100 [DEBUG] [org.gradle.internal.remote.internal.inet.TcpIncomingConnector] Listening on [64a092e8-2ae7-40d5-905c-8d6b86810d99 port:53810, addresses:[localhost/127.0.0.1]].
2025-02-09T12:17:05.156+0100 [DEBUG] [org.gradle.launcher.daemon.server.Daemon] Daemon starting at: Sun Feb 09 12:17:05 CET 2025, with address: [64a092e8-2ae7-40d5-905c-8d6b86810d99 port:53810, addresses:[localhost/127.0.0.1]]
2025-02-09T12:17:05.157+0100 [INFO] [org.gradle.launcher.daemon.server.DaemonRegistryUpdater] Advertising the daemon address to the clients: [64a092e8-2ae7-40d5-905c-8d6b86810d99 port:53810, addresses:[localhost/127.0.0.1]]
2025-02-09T12:17:05.157+0100 [DEBUG] [org.gradle.launcher.daemon.server.DaemonRegistryUpdater] Advertised daemon context: DefaultDaemonContext[uid=f6dfbd1b-26ae-46c3-a4af-68730a41c0d0,javaHome=/Users/theo/Library/Java/JavaVirtualMachines/corretto-21.0.6/Contents/Home,javaVersion=21,daemonRegistryDir=/Users/theo/Documents/GitHub/td3-stringat/PizzaApp/gradle/wrapper/daemon,pid=45200,idleTimeout=10800000,priority=NORMAL,applyInstrumentationAgent=true,nativeServicesMode=ENABLED,daemonOpts=--add-opens=java.base/java.util=ALL-UNNAMED,--add-opens=java.base/java.lang=ALL-UNNAMED,--add-opens=java.base/java.lang.invoke=ALL-UNNAMED,--add-opens=java.prefs/java.util.prefs=ALL-UNNAMED,--add-exports=jdk.compiler/com.sun.tools.javac.api=ALL-UNNAMED,--add-exports=jdk.compiler/com.sun.tools.javac.util=ALL-UNNAMED,--add-opens=java.base/java.nio.charset=ALL-UNNAMED,--add-opens=java.base/java.net=ALL-UNNAMED,--add-opens=java.base/java.util.concurrent.atomic=ALL-UNNAMED,-Xmx2048M,-Dfile.encoding=UTF-8,-Duser.country=FR,-Duser.language=fr,-Duser.variant]
2025-02-09T12:17:05.158+0100 [DEBUG] [org.gradle.launcher.daemon.registry.PersistentDaemonRegistry] Storing daemon address: [64a092e8-2ae7-40d5-905c-8d6b86810d99 port:53810, addresses:[localhost/127.0.0.1]], context: DefaultDaemonContext[uid=f6dfbd1b-26ae-46c3-a4af-68730a41c0d0,javaHome=/Users/theo/Library/Java/JavaVirtualMachines/corretto-21.0.6/Contents/Home,javaVersion=21,daemonRegistryDir=/Users/theo/Documents/GitHub/td3-stringat/PizzaApp/gradle/wrapper/daemon,pid=45200,idleTimeout=10800000,priority=NORMAL,applyInstrumentationAgent=true,nativeServicesMode=ENABLED,daemonOpts=--add-opens=java.base/java.util=ALL-UNNAMED,--add-opens=java.base/java.lang=ALL-UNNAMED,--add-opens=java.base/java.lang.invoke=ALL-UNNAMED,--add-opens=java.prefs/java.util.prefs=ALL-UNNAMED,--add-exports=jdk.compiler/com.sun.tools.javac.api=ALL-UNNAMED,--add-exports=jdk.compiler/com.sun.tools.javac.util=ALL-UNNAMED,--add-opens=java.base/java.nio.charset=ALL-UNNAMED,--add-opens=java.base/java.net=ALL-UNNAMED,--add-opens=java.base/java.util.concurrent.atomic=ALL-UNNAMED,-Xmx2048M,-Dfile.encoding=UTF-8,-Duser.country=FR,-Duser.language=fr,-Duser.variant]
2025-02-09T12:17:05.200+0100 [DEBUG] [org.gradle.cache.internal.DefaultFileLockManager] Waiting to acquire exclusive lock on daemon addresses registry.
2025-02-09T12:17:05.205+0100 [DEBUG] [org.gradle.cache.internal.DefaultFileLockManager] Lock acquired on daemon addresses registry.
2025-02-09T12:17:05.222+0100 [DEBUG] [org.gradle.cache.internal.DefaultFileLockManager] Releasing lock on daemon addresses registry.
2025-02-09T12:17:05.223+0100 [LIFECYCLE] [org.gradle.launcher.daemon.server.Daemon] Daemon server started.
2025-02-09T12:17:05.226+0100 [DEBUG] [org.gradle.launcher.daemon.bootstrap.DaemonStartupCommunication] Completed writing the daemon greeting. Closing streams...
2025-02-09T12:17:05.231+0100 [DEBUG] [org.gradle.internal.remote.internal.inet.TcpIncomingConnector] Accepted connection from /127.0.0.1:53811 to /127.0.0.1:53810.
2025-02-09T12:17:05.234+0100 [DEBUG] [org.gradle.launcher.daemon.server.Daemon] stopOnExpiration() called on daemon
2025-02-09T12:17:05.235+0100 [DEBUG] [org.gradle.launcher.daemon.server.Daemon] awaitExpiration() called on daemon
2025-02-09T12:17:05.236+0100 [DEBUG] [org.gradle.launcher.daemon.server.DaemonStateCoordinator] daemon is running. Sleeping until state changes.
2025-02-09T12:17:05.324+0100 [DEBUG] [org.gradle.launcher.daemon.server.SynchronizedDispatchConnection] thread 32: received class org.gradle.launcher.daemon.protocol.Build
2025-02-09T12:17:05.324+0100 [DEBUG] [org.gradle.launcher.daemon.server.DefaultDaemonConnection] thread 32: Received non-IO message from client: Build{id=28c070a0-b77a-42af-a921-58f8176b27d5, currentDir=/Users/theo/Documents/GitHub/td3-stringat}
2025-02-09T12:17:05.325+0100 [INFO] [org.gradle.launcher.daemon.server.DefaultIncomingConnectionHandler] Received command: Build{id=28c070a0-b77a-42af-a921-58f8176b27d5, currentDir=/Users/theo/Documents/GitHub/td3-stringat}.
2025-02-09T12:17:05.325+0100 [DEBUG] [org.gradle.launcher.daemon.server.DefaultIncomingConnectionHandler] Starting executing command: Build{id=28c070a0-b77a-42af-a921-58f8176b27d5, currentDir=/Users/theo/Documents/GitHub/td3-stringat} with connection: socket connection from /127.0.0.1:53810 to /127.0.0.1:53811.
2025-02-09T12:17:05.328+0100 [DEBUG] [org.gradle.launcher.daemon.server.DaemonStateCoordinator] Command execution: started DaemonCommandExecution[command = Build{id=28c070a0-b77a-42af-a921-58f8176b27d5, currentDir=/Users/theo/Documents/GitHub/td3-stringat}, connection = DefaultDaemonConnection: socket connection from /127.0.0.1:53810 to /127.0.0.1:53811] after 0.0044 minutes of idle
2025-02-09T12:17:05.329+0100 [INFO] [org.gradle.launcher.daemon.server.DaemonRegistryUpdater] Marking the daemon as busy, address: [64a092e8-2ae7-40d5-905c-8d6b86810d99 port:53810, addresses:[localhost/127.0.0.1]]
2025-02-09T12:17:05.329+0100 [DEBUG] [org.gradle.launcher.daemon.registry.PersistentDaemonRegistry] Marking busy by address: [64a092e8-2ae7-40d5-905c-8d6b86810d99 port:53810, addresses:[localhost/127.0.0.1]]
2025-02-09T12:17:05.331+0100 [DEBUG] [org.gradle.cache.internal.DefaultFileLockManager] Waiting to acquire exclusive lock on daemon addresses registry.
2025-02-09T12:17:05.332+0100 [DEBUG] [org.gradle.cache.internal.DefaultFileLockManager] Lock acquired on daemon addresses registry.
2025-02-09T12:17:05.334+0100 [DEBUG] [org.gradle.cache.internal.DefaultFileLockManager] Releasing lock on daemon addresses registry.
2025-02-09T12:17:05.335+0100 [DEBUG] [org.gradle.launcher.daemon.server.DaemonStateCoordinator] resetting idle timer
2025-02-09T12:17:05.335+0100 [DEBUG] [org.gradle.launcher.daemon.server.DaemonStateCoordinator] daemon is running. Sleeping until state changes.
2025-02-09T12:17:05.336+0100 [INFO] [org.gradle.launcher.daemon.server.exec.StartBuildOrRespondWithBusy] Daemon is about to start building Build{id=28c070a0-b77a-42af-a921-58f8176b27d5, currentDir=/Users/theo/Documents/GitHub/td3-stringat}. Dispatching build started information...
2025-02-09T12:17:05.336+0100 [DEBUG] [org.gradle.launcher.daemon.server.SynchronizedDispatchConnection] thread 34: dispatching org.gradle.launcher.daemon.protocol.BuildStarted@633c1160
2025-02-09T12:17:05.339+0100 [DEBUG] [org.gradle.launcher.daemon.server.exec.EstablishBuildEnvironment] Configuring env variables: [PATH, JENV_FORCEJDKHOME, JAVA_HOME, HOMEBREW_PREFIX, ANDROID_HOME, COMMAND_MODE, NVM_INC, LOGNAME, HOMEBREW_REPOSITORY, JDK_HOME, XPC_SERVICE_NAME, INFOPATH, __CFBundleIdentifier, NVM_CD_FLAGS, NVM_DIR, SHELL, OLDPWD, HOMEBREW_CELLAR, USER, ANDROID_SDK_ROOT, JENV_FORCEJAVAHOME, TMPDIR, SSH_AUTH_SOCK, XPC_FLAGS, M2_HOME, __CF_USER_TEXT_ENCODING, LC_CTYPE, JENV_SHELL, NVM_BIN, HOME, JENV_LOADED]
2025-02-09T12:17:05.343+0100 [DEBUG] [org.gradle.launcher.daemon.server.exec.LogToClient] About to start relaying all logs to the client via the connection.
2025-02-09T12:17:05.344+0100 [INFO] [org.gradle.launcher.daemon.server.exec.LogToClient] The client will now receive all logging from the daemon (pid: 45200). The daemon log file: /Users/theo/Documents/GitHub/td3-stringat/PizzaApp/gradle/wrapper/daemon/8.9/daemon-45200.out.log
2025-02-09T12:17:05.347+0100 [INFO] [org.gradle.launcher.daemon.server.exec.LogAndCheckHealth] Starting build in new daemon [memory: 2 GiB]
2025-02-09T12:17:05.350+0100 [DEBUG] [org.gradle.launcher.daemon.server.exec.ExecuteBuild] The daemon has started executing the build.
2025-02-09T12:17:05.350+0100 [DEBUG] [org.gradle.launcher.daemon.server.exec.ExecuteBuild] Executing build with daemon context: DefaultDaemonContext[uid=f6dfbd1b-26ae-46c3-a4af-68730a41c0d0,javaHome=/Users/theo/Library/Java/JavaVirtualMachines/corretto-21.0.6/Contents/Home,javaVersion=21,daemonRegistryDir=/Users/theo/Documents/GitHub/td3-stringat/PizzaApp/gradle/wrapper/daemon,pid=45200,idleTimeout=10800000,priority=NORMAL,applyInstrumentationAgent=true,nativeServicesMode=ENABLED,daemonOpts=--add-opens=java.base/java.util=ALL-UNNAMED,--add-opens=java.base/java.lang=ALL-UNNAMED,--add-opens=java.base/java.lang.invoke=ALL-UNNAMED,--add-opens=java.prefs/java.util.prefs=ALL-UNNAMED,--add-exports=jdk.compiler/com.sun.tools.javac.api=ALL-UNNAMED,--add-exports=jdk.compiler/com.sun.tools.javac.util=ALL-UNNAMED,--add-opens=java.base/java.nio.charset=ALL-UNNAMED,--add-opens=java.base/java.net=ALL-UNNAMED,--add-opens=java.base/java.util.concurrent.atomic=ALL-UNNAMED,-Xmx2048M,-Dfile.encoding=UTF-8,-Duser.country=FR,-Duser.language=fr,-Duser.variant]
Type-safe project accessors is an incubating feature.

Deprecated Gradle features were used in this build, making it incompatible with Gradle 9.0.

You can use '--warning-mode all' to show the individual deprecation warnings and determine if they come from your own scripts or plugins.

For more on this, please refer to https://docs.gradle.org/8.9/userguide/command_line_interface.html#sec:command_line_warnings in the Gradle documentation.

BUILD SUCCESSFUL in 48s
8 actionable tasks: 7 executed, 1 up-to-date
2025-02-09T12:17:50.506+0100 [DEBUG] [org.gradle.launcher.daemon.server.exec.ExecuteBuild] The daemon has finished executing the build.
2025-02-09T12:17:50.519+0100 [DEBUG] [org.gradle.launcher.daemon.server.DaemonStateCoordinator] daemon is running. Sleeping until state changes.
2025-02-09T12:17:50.521+0100 [DEBUG] [org.gradle.launcher.daemon.server.DaemonStateCoordinator] Command execution: finished waiting for DaemonCommandExecution[command = Build{id=28c070a0-b77a-42af-a921-58f8176b27d5, currentDir=/Users/theo/Documents/GitHub/td3-stringat}, connection = DefaultDaemonConnection: socket connection from /127.0.0.1:53810 to /127.0.0.1:53811]. Result org.gradle.launcher.daemon.server.DaemonStateCoordinator@22fc25a with state Busy
2025-02-09T12:17:50.521+0100 [DEBUG] [org.gradle.launcher.daemon.server.DaemonStateCoordinator] Command execution: completed DaemonCommandExecution[command = Build{id=28c070a0-b77a-42af-a921-58f8176b27d5, currentDir=/Users/theo/Documents/GitHub/td3-stringat}, connection = DefaultDaemonConnection: socket connection from /127.0.0.1:53810 to /127.0.0.1:53811]
2025-02-09T12:17:50.522+0100 [DEBUG] [org.gradle.launcher.daemon.server.DaemonStateCoordinator] resetting idle timer
2025-02-09T12:17:50.522+0100 [INFO] [org.gradle.launcher.daemon.server.DaemonRegistryUpdater] Marking the daemon as idle, address: [64a092e8-2ae7-40d5-905c-8d6b86810d99 port:53810, addresses:[localhost/127.0.0.1]]
2025-02-09T12:17:50.523+0100 [DEBUG] [org.gradle.launcher.daemon.registry.PersistentDaemonRegistry] Marking busy by address: [64a092e8-2ae7-40d5-905c-8d6b86810d99 port:53810, addresses:[localhost/127.0.0.1]]
2025-02-09T12:17:50.523+0100 [DEBUG] [org.gradle.cache.internal.DefaultFileLockManager] Waiting to acquire exclusive lock on daemon addresses registry.
2025-02-09T12:17:50.524+0100 [DEBUG] [org.gradle.cache.internal.DefaultFileLockManager] Lock acquired on daemon addresses registry.
2025-02-09T12:17:50.526+0100 [DEBUG] [org.gradle.cache.internal.DefaultFileLockManager] Releasing lock on daemon addresses registry.
2025-02-09T12:17:50.527+0100 [DEBUG] [org.gradle.launcher.daemon.server.exec.ReturnResult] Daemon is dispatching the build result: Success[value=org.gradle.launcher.exec.BuildActionResult@67c4d0df]
2025-02-09T12:17:50.527+0100 [DEBUG] [org.gradle.launcher.daemon.server.SynchronizedDispatchConnection] thread 31: dispatching Success[value=org.gradle.launcher.exec.BuildActionResult@67c4d0df]
2025-02-09T12:17:50.528+0100 [DEBUG] [org.gradle.launcher.daemon.server.DaemonStateCoordinator] daemon is running. Sleeping until state changes.
2025-02-09T12:17:50.530+0100 [DEBUG] [org.gradle.launcher.daemon.server.SynchronizedDispatchConnection] thread 32: received class org.gradle.launcher.daemon.protocol.CloseInput
2025-02-09T12:17:50.530+0100 [DEBUG] [org.gradle.launcher.daemon.server.DefaultDaemonConnection] thread 32: Received IO message from client: org.gradle.launcher.daemon.protocol.CloseInput@3483af7a
2025-02-09T12:17:50.530+0100 [DEBUG] [org.gradle.launcher.daemon.server.SynchronizedDispatchConnection] thread 32: received class org.gradle.launcher.daemon.protocol.Finished
2025-02-09T12:17:50.530+0100 [DEBUG] [org.gradle.launcher.daemon.server.DefaultDaemonConnection] thread 32: Received non-IO message from client: org.gradle.launcher.daemon.protocol.Finished@484bd3f1
2025-02-09T12:17:50.531+0100 [DEBUG] [org.gradle.internal.remote.internal.inet.SocketConnection] Discarding EOFException: java.io.EOFException
2025-02-09T12:17:50.531+0100 [DEBUG] [org.gradle.launcher.daemon.server.SynchronizedDispatchConnection] thread 32: received null
2025-02-09T12:17:50.531+0100 [DEBUG] [org.gradle.launcher.daemon.server.DefaultDaemonConnection] thread 32: Received end-of-input from client.
2025-02-09T12:17:50.532+0100 [DEBUG] [org.gradle.launcher.daemon.server.exec.CleanUpVirtualFileSystemAfterBuild] Cleaning virtual file system after build finished
2025-02-09T12:17:50.533+0100 [DEBUG] [org.gradle.launcher.daemon.server.DefaultIncomingConnectionHandler] Finishing executing command: Build{id=28c070a0-b77a-42af-a921-58f8176b27d5, currentDir=/Users/theo/Documents/GitHub/td3-stringat}
2025-02-09T12:17:50.533+0100 [WARN] [org.gradle.launcher.daemon.server.DefaultIncomingConnectionHandler] Timed out waiting for finished message from client socket connection from /127.0.0.1:53810 to /127.0.0.1:53811. Discarding connection.
2025-02-09T12:17:50.533+0100 [DEBUG] [org.gradle.launcher.daemon.server.SynchronizedDispatchConnection] thread 31: stopping connection
2025-02-09T12:17:50.537+0100 [DEBUG] [org.gradle.launcher.daemon.server.SynchronizedDispatchConnection] thread 31: stopping connection
2025-02-09T12:17:55.237+0100 [DEBUG] [org.gradle.cache.internal.DefaultFileLockManager] Waiting to acquire shared lock on daemon addresses registry.
2025-02-09T12:17:55.238+0100 [DEBUG] [org.gradle.cache.internal.DefaultFileLockManager] Lock acquired on daemon addresses registry.
2025-02-09T12:17:55.238+0100 [DEBUG] [org.gradle.cache.internal.DefaultFileLockManager] Releasing lock on daemon addresses registry.
2025-02-09T12:17:55.239+0100 [DEBUG] [org.gradle.cache.internal.DefaultFileLockManager] Waiting to acquire shared lock on daemon addresses registry.
2025-02-09T12:17:55.239+0100 [DEBUG] [org.gradle.cache.internal.DefaultFileLockManager] Lock acquired on daemon addresses registry.
2025-02-09T12:17:55.239+0100 [DEBUG] [org.gradle.cache.internal.DefaultFileLockManager] Releasing lock on daemon addresses registry.
2025-02-09T12:18:05.239+0100 [DEBUG] [org.gradle.cache.internal.DefaultFileLockManager] Waiting to acquire shared lock on daemon addresses registry.
2025-02-09T12:18:05.242+0100 [DEBUG] [org.gradle.cache.internal.DefaultFileLockManager] Lock acquired on daemon addresses registry.
2025-02-09T12:18:05.243+0100 [DEBUG] [org.gradle.cache.internal.DefaultFileLockManager] Releasing lock on daemon addresses registry.
2025-02-09T12:18:05.244+0100 [DEBUG] [org.gradle.cache.internal.DefaultFileLockManager] Waiting to acquire shared lock on daemon addresses registry.
2025-02-09T12:18:05.244+0100 [DEBUG] [org.gradle.cache.internal.DefaultFileLockManager] Lock acquired on daemon addresses registry.
2025-02-09T12:18:05.244+0100 [DEBUG] [org.gradle.cache.internal.DefaultFileLockManager] Releasing lock on daemon addresses registry.
2025-02-09T12:18:05.246+0100 [DEBUG] [org.gradle.cache.internal.DefaultFileLockManager] Waiting to acquire shared lock on daemon addresses registry.
2025-02-09T12:18:05.246+0100 [DEBUG] [org.gradle.cache.internal.DefaultFileLockManager] Lock acquired on daemon addresses registry.
2025-02-09T12:18:05.247+0100 [DEBUG] [org.gradle.cache.internal.DefaultFileLockManager] Releasing lock on daemon addresses registry.
2025-02-09T12:18:05.247+0100 [DEBUG] [org.gradle.cache.internal.DefaultFileLockManager] Waiting to acquire shared lock on daemon addresses registry.
2025-02-09T12:18:05.248+0100 [DEBUG] [org.gradle.cache.internal.DefaultFileLockManager] Lock acquired on daemon addresses registry.
2025-02-09T12:18:05.248+0100 [DEBUG] [org.gradle.cache.internal.DefaultFileLockManager] Releasing lock on daemon addresses registry.
2025-02-09T12:18:05.250+0100 [DEBUG] [org.gradle.launcher.daemon.server.DaemonRegistryUpdater] Storing daemon stop event: other compatible daemons were started and after being idle for 0 minutes and not recently used
2025-02-09T12:18:05.250+0100 [DEBUG] [org.gradle.launcher.daemon.registry.PersistentDaemonRegistry] Storing daemon stop event with timestamp 1739099885250
2025-02-09T12:18:05.266+0100 [DEBUG] [org.gradle.cache.internal.DefaultFileLockManager] Waiting to acquire exclusive lock on daemon addresses registry.
2025-02-09T12:18:05.268+0100 [DEBUG] [org.gradle.cache.internal.DefaultFileLockManager] Lock acquired on daemon addresses registry.
2025-02-09T12:18:05.272+0100 [DEBUG] [org.gradle.cache.internal.DefaultFileLockManager] Releasing lock on daemon addresses registry.
2025-02-09T12:18:05.273+0100 [LIFECYCLE] [org.gradle.launcher.daemon.server.DaemonStateCoordinator] Daemon will be stopped at the end of the build other compatible daemons were started and after being idle for 0 minutes and not recently used
2025-02-09T12:18:05.273+0100 [DEBUG] [org.gradle.launcher.daemon.server.DaemonStateCoordinator] Marking daemon stopped due to other compatible daemons were started and after being idle for 0 minutes and not recently used. The daemon is not running a build
2025-02-09T12:18:05.274+0100 [DEBUG] [org.gradle.launcher.daemon.server.DaemonStateCoordinator] daemon has stopped.
2025-02-09T12:18:05.279+0100 [DEBUG] [org.gradle.launcher.daemon.server.Daemon] stop() called on daemon
2025-02-09T12:18:05.279+0100 [INFO] [org.gradle.launcher.daemon.server.Daemon] Stop requested. Daemon is removing its presence from the registry...
2025-02-09T12:18:05.279+0100 [DEBUG] [org.gradle.launcher.daemon.server.DaemonRegistryUpdater] Removing our presence to clients, eg. removing this address from the registry: [64a092e8-2ae7-40d5-905c-8d6b86810d99 port:53810, addresses:[localhost/127.0.0.1]]
2025-02-09T12:18:05.279+0100 [DEBUG] [org.gradle.launcher.daemon.registry.PersistentDaemonRegistry] Removing daemon address: [64a092e8-2ae7-40d5-905c-8d6b86810d99 port:53810, addresses:[localhost/127.0.0.1]]
2025-02-09T12:18:05.280+0100 [DEBUG] [org.gradle.cache.internal.DefaultFileLockManager] Waiting to acquire exclusive lock on daemon addresses registry.
2025-02-09T12:18:05.281+0100 [DEBUG] [org.gradle.cache.internal.DefaultFileLockManager] Lock acquired on daemon addresses registry.
2025-02-09T12:18:05.281+0100 [DEBUG] [org.gradle.cache.internal.DefaultFileLockManager] Releasing lock on daemon addresses registry.
2025-02-09T12:18:05.281+0100 [DEBUG] [org.gradle.launcher.daemon.server.DaemonRegistryUpdater] Address removed from registry.
2025-02-09T12:18:05.289+0100 [DEBUG] [org.gradle.cache.internal.LockOnDemandCrossProcessCacheAccess] Releasing file lock for jars (/Users/theo/Documents/GitHub/td3-stringat/PizzaApp/gradle/wrapper/caches/jars-9)
2025-02-09T12:18:05.289+0100 [DEBUG] [org.gradle.cache.internal.DefaultFileLockManager] Releasing lock on jars (/Users/theo/Documents/GitHub/td3-stringat/PizzaApp/gradle/wrapper/caches/jars-9).
2025-02-09T12:18:05.289+0100 [DEBUG] [org.gradle.cache.internal.DefaultCacheCleanupExecutor] jars (/Users/theo/Documents/GitHub/td3-stringat/PizzaApp/gradle/wrapper/caches/jars-9) has last been fully cleaned up 0 hours ago
2025-02-09T12:18:05.290+0100 [DEBUG] [org.gradle.cache.internal.DefaultCacheCleanupExecutor] Skipping cleanup for jars (/Users/theo/Documents/GitHub/td3-stringat/PizzaApp/gradle/wrapper/caches/jars-9) as it is not yet due
2025-02-09T12:18:05.290+0100 [DEBUG] [org.gradle.cache.internal.DefaultCacheCoordinator] Cache jars (/Users/theo/Documents/GitHub/td3-stringat/PizzaApp/gradle/wrapper/caches/jars-9) was closed 3 times.
2025-02-09T12:18:05.290+0100 [DEBUG] [org.gradle.cache.internal.LockOnDemandCrossProcessCacheAccess] Releasing file lock for file content cache (/Users/theo/Documents/GitHub/td3-stringat/PizzaApp/gradle/wrapper/caches/8.9/fileContent)
2025-02-09T12:18:05.290+0100 [DEBUG] [org.gradle.cache.internal.DefaultFileLockManager] Releasing lock on file content cache (/Users/theo/Documents/GitHub/td3-stringat/PizzaApp/gradle/wrapper/caches/8.9/fileContent).
2025-02-09T12:18:05.290+0100 [DEBUG] [org.gradle.internal.watch.vfs.impl.WatchingVirtualFileSystem] Closing VFS, dropping state
2025-02-09T12:18:05.292+0100 [DEBUG] [org.gradle.cache.internal.LockOnDemandCrossProcessCacheAccess] Releasing file lock for Generated Gradle JARs cache (/Users/theo/Documents/GitHub/td3-stringat/PizzaApp/gradle/wrapper/caches/8.9/generated-gradle-jars)
2025-02-09T12:18:05.292+0100 [DEBUG] [org.gradle.internal.watch.registry.impl.DefaultFileWatcherRegistry] Finished listening to file system change events
2025-02-09T12:18:05.292+0100 [DEBUG] [org.gradle.cache.internal.DefaultFileLockManager] Releasing lock on Generated Gradle JARs cache (/Users/theo/Documents/GitHub/td3-stringat/PizzaApp/gradle/wrapper/caches/8.9/generated-gradle-jars).
2025-02-09T12:18:05.293+0100 [DEBUG] [org.gradle.cache.internal.LockOnDemandCrossProcessCacheAccess] Releasing file lock for artifact cache (/Users/theo/Documents/GitHub/td3-stringat/PizzaApp/gradle/wrapper/caches/modules-2)
2025-02-09T12:18:05.293+0100 [DEBUG] [org.gradle.cache.internal.btree.BTreePersistentIndexedCache] Closing cache module-artifact.bin (/Users/theo/Documents/GitHub/td3-stringat/PizzaApp/gradle/wrapper/caches/modules-2/metadata-2.106/module-artifact.bin)
2025-02-09T12:18:05.293+0100 [DEBUG] [org.gradle.cache.internal.btree.BTreePersistentIndexedCache] Closing cache module-metadata.bin (/Users/theo/Documents/GitHub/td3-stringat/PizzaApp/gradle/wrapper/caches/modules-2/metadata-2.106/module-metadata.bin)
2025-02-09T12:18:05.293+0100 [DEBUG] [org.gradle.cache.internal.btree.BTreePersistentIndexedCache] Closing cache module-artifacts.bin (/Users/theo/Documents/GitHub/td3-stringat/PizzaApp/gradle/wrapper/caches/modules-2/metadata-2.106/module-artifacts.bin)
2025-02-09T12:18:05.293+0100 [DEBUG] [org.gradle.cache.internal.DefaultFileLockManager] Releasing lock on artifact cache (/Users/theo/Documents/GitHub/td3-stringat/PizzaApp/gradle/wrapper/caches/modules-2).
2025-02-09T12:18:05.293+0100 [DEBUG] [org.gradle.cache.internal.DefaultCacheCleanupExecutor] artifact cache (/Users/theo/Documents/GitHub/td3-stringat/PizzaApp/gradle/wrapper/caches/modules-2) has last been fully cleaned up 0 hours ago
2025-02-09T12:18:05.294+0100 [DEBUG] [org.gradle.cache.internal.DefaultCacheCleanupExecutor] Skipping cleanup for artifact cache (/Users/theo/Documents/GitHub/td3-stringat/PizzaApp/gradle/wrapper/caches/modules-2) as it is not yet due
2025-02-09T12:18:05.294+0100 [DEBUG] [org.gradle.cache.internal.DefaultCacheCleanupExecutor] groovy-dsl (/Users/theo/Documents/GitHub/td3-stringat/PizzaApp/gradle/wrapper/caches/8.9/groovy-dsl) has last been fully cleaned up 0 hours ago
2025-02-09T12:18:05.294+0100 [DEBUG] [org.gradle.cache.internal.DefaultCacheCleanupExecutor] Skipping cleanup for groovy-dsl (/Users/theo/Documents/GitHub/td3-stringat/PizzaApp/gradle/wrapper/caches/8.9/groovy-dsl) as it is not yet due
2025-02-09T12:18:05.294+0100 [DEBUG] [org.gradle.cache.internal.DefaultCacheCoordinator] Cache groovy-dsl (/Users/theo/Documents/GitHub/td3-stringat/PizzaApp/gradle/wrapper/caches/8.9/groovy-dsl) was closed 0 times.
2025-02-09T12:18:05.294+0100 [DEBUG] [org.gradle.cache.internal.DefaultCacheCleanupExecutor] Artifact transforms cache (/Users/theo/Documents/GitHub/td3-stringat/PizzaApp/gradle/wrapper/caches/8.9/transforms) has last been fully cleaned up 0 hours ago
2025-02-09T12:18:05.294+0100 [DEBUG] [org.gradle.cache.internal.DefaultCacheCleanupExecutor] Skipping cleanup for Artifact transforms cache (/Users/theo/Documents/GitHub/td3-stringat/PizzaApp/gradle/wrapper/caches/8.9/transforms) as it is not yet due
2025-02-09T12:18:05.294+0100 [DEBUG] [org.gradle.cache.internal.DefaultCacheCoordinator] Cache Artifact transforms cache (/Users/theo/Documents/GitHub/td3-stringat/PizzaApp/gradle/wrapper/caches/8.9/transforms) was closed 0 times.
2025-02-09T12:18:05.294+0100 [DEBUG] [org.gradle.cache.internal.DefaultCacheCleanupExecutor] kotlin-dsl (/Users/theo/Documents/GitHub/td3-stringat/PizzaApp/gradle/wrapper/caches/8.9/kotlin-dsl) has last been fully cleaned up 0 hours ago
2025-02-09T12:18:05.294+0100 [DEBUG] [org.gradle.cache.internal.DefaultCacheCleanupExecutor] Skipping cleanup for kotlin-dsl (/Users/theo/Documents/GitHub/td3-stringat/PizzaApp/gradle/wrapper/caches/8.9/kotlin-dsl) as it is not yet due
2025-02-09T12:18:05.294+0100 [DEBUG] [org.gradle.cache.internal.DefaultCacheCoordinator] Cache kotlin-dsl (/Users/theo/Documents/GitHub/td3-stringat/PizzaApp/gradle/wrapper/caches/8.9/kotlin-dsl) was closed 0 times.
2025-02-09T12:18:05.294+0100 [DEBUG] [org.gradle.cache.internal.LockOnDemandCrossProcessCacheAccess] Releasing file lock for journal cache (/Users/theo/Documents/GitHub/td3-stringat/PizzaApp/gradle/wrapper/caches/journal-1)
2025-02-09T12:18:05.294+0100 [DEBUG] [org.gradle.cache.internal.btree.BTreePersistentIndexedCache] Closing cache file-access.bin (/Users/theo/Documents/GitHub/td3-stringat/PizzaApp/gradle/wrapper/caches/journal-1/file-access.bin)
2025-02-09T12:18:05.295+0100 [DEBUG] [org.gradle.cache.internal.DefaultFileLockManager] Releasing lock on journal cache (/Users/theo/Documents/GitHub/td3-stringat/PizzaApp/gradle/wrapper/caches/journal-1).
2025-02-09T12:18:05.295+0100 [DEBUG] [org.gradle.cache.internal.DefaultCacheCoordinator] Cache journal cache (/Users/theo/Documents/GitHub/td3-stringat/PizzaApp/gradle/wrapper/caches/journal-1) was closed 7 times.
2025-02-09T12:18:05.295+0100 [DEBUG] [org.gradle.cache.internal.LockOnDemandCrossProcessCacheAccess] Releasing file lock for file hash cache (/Users/theo/Documents/GitHub/td3-stringat/PizzaApp/gradle/wrapper/caches/8.9/fileHashes)
2025-02-09T12:18:05.295+0100 [DEBUG] [org.gradle.cache.internal.btree.BTreePersistentIndexedCache] Closing cache fileHashes.bin (/Users/theo/Documents/GitHub/td3-stringat/PizzaApp/gradle/wrapper/caches/8.9/fileHashes/fileHashes.bin)
2025-02-09T12:18:05.296+0100 [DEBUG] [org.gradle.cache.internal.btree.BTreePersistentIndexedCache] Closing cache resourceHashesCache.bin (/Users/theo/Documents/GitHub/td3-stringat/PizzaApp/gradle/wrapper/caches/8.9/fileHashes/resourceHashesCache.bin)
2025-02-09T12:18:05.296+0100 [DEBUG] [org.gradle.cache.internal.DefaultFileLockManager] Releasing lock on file hash cache (/Users/theo/Documents/GitHub/td3-stringat/PizzaApp/gradle/wrapper/caches/8.9/fileHashes).
2025-02-09T12:18:05.296+0100 [DEBUG] [org.gradle.cache.internal.DefaultCacheCoordinator] Cache file hash cache (/Users/theo/Documents/GitHub/td3-stringat/PizzaApp/gradle/wrapper/caches/8.9/fileHashes) was closed 6 times.
2025-02-09T12:18:05.297+0100 [DEBUG] [org.gradle.internal.operations.DefaultBuildOperationRunner] Build operation 'Deleting unused version-specific caches in /Users/theo/Documents/GitHub/td3-stringat/PizzaApp/gradle/wrapper/caches' started
2025-02-09T12:18:05.297+0100 [DEBUG] [org.gradle.internal.operations.DefaultBuildOperationRunner] Completing Build operation 'Deleting unused version-specific caches in /Users/theo/Documents/GitHub/td3-stringat/PizzaApp/gradle/wrapper/caches'
2025-02-09T12:18:05.297+0100 [DEBUG] [org.gradle.internal.operations.DefaultBuildOperationRunner] Build operation 'Deleting unused version-specific caches in /Users/theo/Documents/GitHub/td3-stringat/PizzaApp/gradle/wrapper/caches' completed
2025-02-09T12:18:05.298+0100 [DEBUG] [org.gradle.launcher.daemon.server.Daemon] stop() called on daemon
2025-02-09T12:18:05.298+0100 [INFO] [org.gradle.launcher.daemon.server.Daemon] Stop requested. Daemon is removing its presence from the registry...
2025-02-09T12:18:05.298+0100 [DEBUG] [org.gradle.launcher.daemon.server.DaemonRegistryUpdater] Removing our presence to clients, eg. removing this address from the registry: [64a092e8-2ae7-40d5-905c-8d6b86810d99 port:53810, addresses:[localhost/127.0.0.1]]
2025-02-09T12:18:05.298+0100 [DEBUG] [org.gradle.launcher.daemon.registry.PersistentDaemonRegistry] Removing daemon address: [64a092e8-2ae7-40d5-905c-8d6b86810d99 port:53810, addresses:[localhost/127.0.0.1]]
2025-02-09T12:18:05.298+0100 [DEBUG] [org.gradle.cache.internal.DefaultFileLockManager] Waiting to acquire exclusive lock on daemon addresses registry.
2025-02-09T12:18:05.298+0100 [DEBUG] [org.gradle.cache.internal.DefaultFileLockManager] Lock acquired on daemon addresses registry.
2025-02-09T12:18:05.299+0100 [DEBUG] [org.gradle.cache.internal.DefaultFileLockManager] Releasing lock on daemon addresses registry.
2025-02-09T12:18:05.299+0100 [DEBUG] [org.gradle.launcher.daemon.server.DaemonRegistryUpdater] Address removed from registry.
2025-02-09T12:18:05.300+0100 [DEBUG] [org.gradle.cache.internal.locklistener.DefaultFileLockContentionHandler] File lock listener thread completed.
2025-02-09T12:18:05.302+0100 [DEBUG] [java.lang.Runtime] Runtime.exit() called with status: 0
java.lang.Throwable: Runtime.exit(0)
	at java.base/java.lang.Shutdown.logRuntimeExit(Shutdown.java:179)
	at java.base/java.lang.Shutdown.exit(Shutdown.java:160)
	at java.base/java.lang.Runtime.exit(Runtime.java:188)
	at java.base/java.lang.System.exit(System.java:1920)
	at org.gradle.launcher.bootstrap.ProcessCompleter.complete(ProcessCompleter.java:21)
	at org.gradle.launcher.bootstrap.EntryPoint.run(EntryPoint.java:61)
	at java.base/jdk.internal.reflect.DirectMethodHandleAccessor.invoke(DirectMethodHandleAccessor.java:103)
	at java.base/java.lang.reflect.Method.invoke(Method.java:580)
	at org.gradle.launcher.bootstrap.ProcessBootstrap.runNoExit(ProcessBootstrap.java:60)
	at org.gradle.launcher.bootstrap.ProcessBootstrap.run(ProcessBootstrap.java:37)
	at org.gradle.launcher.daemon.bootstrap.GradleDaemon.main(GradleDaemon.java:22)
Daemon vm is shutting down... The daemon has exited normally or was terminated in response to a user interrupt.
2025-02-09T12:18:05.303+0100 [DEBUG] [org.gradle.launcher.daemon.registry.PersistentDaemonRegistry] Removing daemon address: [64a092e8-2ae7-40d5-905c-8d6b86810d99 port:53810, addresses:[localhost/127.0.0.1]]
2025-02-09T12:18:05.303+0100 [DEBUG] [org.gradle.launcher.daemon.server.Daemon] VM shutdown hook was unable to remove the daemon address from the registry. It will be cleaned up later.
java.lang.IllegalStateException: Cannot start managing file contention because this handler has been closed.
	at org.gradle.cache.internal.locklistener.DefaultFileLockContentionHandler.assertNotStopped(DefaultFileLockContentionHandler.java:217)
	at org.gradle.cache.internal.locklistener.DefaultFileLockContentionHandler.getCommunicator(DefaultFileLockContentionHandler.java:260)
	at org.gradle.cache.internal.locklistener.DefaultFileLockContentionHandler.reservePort(DefaultFileLockContentionHandler.java:254)
	at org.gradle.cache.internal.DefaultFileLockManager.lock(DefaultFileLockManager.java:124)
	at org.gradle.cache.internal.DefaultFileLockManager.lock(DefaultFileLockManager.java:106)
	at org.gradle.cache.internal.DefaultFileLockManager.lock(DefaultFileLockManager.java:101)
	at org.gradle.cache.internal.OnDemandFileAccess.updateFile(OnDemandFileAccess.java:51)
	at org.gradle.cache.internal.FileBackedObjectHolder.update(FileBackedObjectHolder.java:77)
	at org.gradle.cache.internal.FileIntegrityViolationSuppressingObjectHolderDecorator.lambda$update$0(FileIntegrityViolationSuppressingObjectHolderDecorator.java:48)
	at org.gradle.cache.internal.FileIntegrityViolationSuppressingObjectHolderDecorator.doUpdate(FileIntegrityViolationSuppressingObjectHolderDecorator.java:58)
	at org.gradle.cache.internal.FileIntegrityViolationSuppressingObjectHolderDecorator.update(FileIntegrityViolationSuppressingObjectHolderDecorator.java:48)
	at org.gradle.launcher.daemon.registry.PersistentDaemonRegistry.remove(PersistentDaemonRegistry.java:133)
	at org.gradle.launcher.daemon.server.Daemon$1.run(Daemon.java:133)
	at java.base/java.lang.Thread.run(Thread.java:1583)
